2018-07-24 00:00:01,039 [ERROR] [RenrenScheduler_QuartzSchedulerThread] com.alibaba.druid.filter.stat.StatFilter [StatFilter.java : 478] slow sql 1037 millis. UPDATE QRTZ_TRIGGERS SET JOB_NAME = ?, JOB_GROUP = ?, DESCRIPTION = ?, NEXT_FIRE_TIME = ?, PREV_FIRE_TIME = ?, TRIGGER_STATE = ?, TRIGGER_TYPE = ?, START_TIME = ?, END_TIME = ?, CALENDAR_NAME = ?, MISFIRE_INSTR = ?, PRIORITY = ? WHERE SCHED_NAME = 'RenrenScheduler' AND TRIGGER_NAME = ? AND TRIGGER_GROUP = ?["TASK_1","DEFAULT",null,1532363400000,1532361600000,"WAITING","CRON",1531705243000,0,null,2,5,"TASK_1","DEFAULT"]
2018-07-24 00:00:01,081 [INFO] [RenrenScheduler_Worker-14] io.renren.modules.job.utils.ScheduleJob [ScheduleJob.java : 67] 任务准备执行，任务ID：1
2018-07-24 00:00:01,082 [INFO] [pool-15-thread-1] io.renren.modules.job.task.TestTask [TestTask.java : 43] 我是带参数的test方法，正在被执行，参数为：renren
2018-07-24 00:00:02,083 [DEBUG] [pool-15-thread-1] io.renren.modules.sys.dao.SysUserDao.selectById [BaseJdbcLogger.java : 159] ==>  Preparing: SELECT user_id AS userId,username,`password`,salt,email,mobile,`status`,create_time AS createTime,dept_id AS deptId FROM sys_user WHERE user_id=? 
2018-07-24 00:00:02,084 [DEBUG] [pool-15-thread-1] io.renren.modules.sys.dao.SysUserDao.selectById [BaseJdbcLogger.java : 159] ==> Parameters: 1(Long)
2018-07-24 00:00:02,085 [DEBUG] [pool-15-thread-1] io.renren.modules.sys.dao.SysUserDao.selectById [BaseJdbcLogger.java : 159] <==      Total: 1
2018-07-24 00:00:02,086 [INFO] [RenrenScheduler_Worker-14] io.renren.modules.job.utils.ScheduleJob [ScheduleJob.java : 80] 任务执行完毕，任务ID：1  总共耗时：1004毫秒
2018-07-24 00:00:02,087 [DEBUG] [RenrenScheduler_Worker-14] io.renren.modules.job.dao.ScheduleJobLogDao.insert [BaseJdbcLogger.java : 159] ==>  Preparing: INSERT INTO schedule_job_log ( job_id, bean_name, method_name, params, `status`, times, create_time ) VALUES ( ?, ?, ?, ?, ?, ?, ? ) 
2018-07-24 00:00:02,087 [DEBUG] [RenrenScheduler_Worker-14] io.renren.modules.job.dao.ScheduleJobLogDao.insert [BaseJdbcLogger.java : 159] ==> Parameters: 1(Long), testTask(String), test(String), renren(String), 0(Integer), 1004(Integer), 2018-07-24 00:00:01.081(Timestamp)
2018-07-24 00:00:02,088 [DEBUG] [RenrenScheduler_Worker-14] io.renren.modules.job.dao.ScheduleJobLogDao.insert [BaseJdbcLogger.java : 159] <==    Updates: 1
2018-07-24 00:20:31,825 [INFO] [SessionValidationThread-1] o.apache.shiro.session.mgt.AbstractValidatingSessionManager [AbstractValidatingSessionManager.java : 275] Validating all active sessions...
2018-07-24 00:20:31,825 [INFO] [SessionValidationThread-1] o.apache.shiro.session.mgt.AbstractValidatingSessionManager [AbstractValidatingSessionManager.java : 308] Finished session validation.  No sessions were stopped.
2018-07-24 00:30:00,031 [INFO] [RenrenScheduler_Worker-15] io.renren.modules.job.utils.ScheduleJob [ScheduleJob.java : 67] 任务准备执行，任务ID：1
2018-07-24 00:30:00,033 [INFO] [pool-16-thread-1] io.renren.modules.job.task.TestTask [TestTask.java : 43] 我是带参数的test方法，正在被执行，参数为：renren
2018-07-24 00:30:01,034 [DEBUG] [pool-16-thread-1] io.renren.modules.sys.dao.SysUserDao.selectById [BaseJdbcLogger.java : 159] ==>  Preparing: SELECT user_id AS userId,username,`password`,salt,email,mobile,`status`,create_time AS createTime,dept_id AS deptId FROM sys_user WHERE user_id=? 
2018-07-24 00:30:01,034 [DEBUG] [pool-16-thread-1] io.renren.modules.sys.dao.SysUserDao.selectById [BaseJdbcLogger.java : 159] ==> Parameters: 1(Long)
2018-07-24 00:30:01,036 [DEBUG] [pool-16-thread-1] io.renren.modules.sys.dao.SysUserDao.selectById [BaseJdbcLogger.java : 159] <==      Total: 1
2018-07-24 00:30:01,037 [INFO] [RenrenScheduler_Worker-15] io.renren.modules.job.utils.ScheduleJob [ScheduleJob.java : 80] 任务执行完毕，任务ID：1  总共耗时：1006毫秒
2018-07-24 00:30:01,038 [DEBUG] [RenrenScheduler_Worker-15] io.renren.modules.job.dao.ScheduleJobLogDao.insert [BaseJdbcLogger.java : 159] ==>  Preparing: INSERT INTO schedule_job_log ( job_id, bean_name, method_name, params, `status`, times, create_time ) VALUES ( ?, ?, ?, ?, ?, ?, ? ) 
2018-07-24 00:30:01,039 [DEBUG] [RenrenScheduler_Worker-15] io.renren.modules.job.dao.ScheduleJobLogDao.insert [BaseJdbcLogger.java : 159] ==> Parameters: 1(Long), testTask(String), test(String), renren(String), 0(Integer), 1006(Integer), 2018-07-24 00:30:00.031(Timestamp)
2018-07-24 00:30:01,040 [DEBUG] [RenrenScheduler_Worker-15] io.renren.modules.job.dao.ScheduleJobLogDao.insert [BaseJdbcLogger.java : 159] <==    Updates: 1
2018-07-24 01:00:01,130 [ERROR] [RenrenScheduler_QuartzSchedulerThread] com.alibaba.druid.filter.stat.StatFilter [StatFilter.java : 478] slow sql 1128 millis. UPDATE QRTZ_TRIGGERS SET JOB_NAME = ?, JOB_GROUP = ?, DESCRIPTION = ?, NEXT_FIRE_TIME = ?, PREV_FIRE_TIME = ?, TRIGGER_STATE = ?, TRIGGER_TYPE = ?, START_TIME = ?, END_TIME = ?, CALENDAR_NAME = ?, MISFIRE_INSTR = ?, PRIORITY = ? WHERE SCHED_NAME = 'RenrenScheduler' AND TRIGGER_NAME = ? AND TRIGGER_GROUP = ?["TASK_1","DEFAULT",null,1532367000000,1532365200000,"WAITING","CRON",1531705243000,0,null,2,5,"TASK_1","DEFAULT"]
2018-07-24 01:00:01,162 [INFO] [RenrenScheduler_Worker-16] io.renren.modules.job.utils.ScheduleJob [ScheduleJob.java : 67] 任务准备执行，任务ID：1
2018-07-24 01:00:01,163 [INFO] [pool-17-thread-1] io.renren.modules.job.task.TestTask [TestTask.java : 43] 我是带参数的test方法，正在被执行，参数为：renren
2018-07-24 01:00:02,163 [DEBUG] [pool-17-thread-1] io.renren.modules.sys.dao.SysUserDao.selectById [BaseJdbcLogger.java : 159] ==>  Preparing: SELECT user_id AS userId,username,`password`,salt,email,mobile,`status`,create_time AS createTime,dept_id AS deptId FROM sys_user WHERE user_id=? 
2018-07-24 01:00:02,164 [DEBUG] [pool-17-thread-1] io.renren.modules.sys.dao.SysUserDao.selectById [BaseJdbcLogger.java : 159] ==> Parameters: 1(Long)
2018-07-24 01:00:02,165 [DEBUG] [pool-17-thread-1] io.renren.modules.sys.dao.SysUserDao.selectById [BaseJdbcLogger.java : 159] <==      Total: 1
2018-07-24 01:00:02,166 [INFO] [RenrenScheduler_Worker-16] io.renren.modules.job.utils.ScheduleJob [ScheduleJob.java : 80] 任务执行完毕，任务ID：1  总共耗时：1003毫秒
2018-07-24 01:00:02,167 [DEBUG] [RenrenScheduler_Worker-16] io.renren.modules.job.dao.ScheduleJobLogDao.insert [BaseJdbcLogger.java : 159] ==>  Preparing: INSERT INTO schedule_job_log ( job_id, bean_name, method_name, params, `status`, times, create_time ) VALUES ( ?, ?, ?, ?, ?, ?, ? ) 
2018-07-24 01:00:02,169 [DEBUG] [RenrenScheduler_Worker-16] io.renren.modules.job.dao.ScheduleJobLogDao.insert [BaseJdbcLogger.java : 159] ==> Parameters: 1(Long), testTask(String), test(String), renren(String), 0(Integer), 1003(Integer), 2018-07-24 01:00:01.162(Timestamp)
2018-07-24 01:00:02,169 [DEBUG] [RenrenScheduler_Worker-16] io.renren.modules.job.dao.ScheduleJobLogDao.insert [BaseJdbcLogger.java : 159] <==    Updates: 1
2018-07-24 01:20:31,935 [INFO] [SessionValidationThread-1] o.apache.shiro.session.mgt.AbstractValidatingSessionManager [AbstractValidatingSessionManager.java : 275] Validating all active sessions...
2018-07-24 01:20:31,935 [INFO] [SessionValidationThread-1] o.apache.shiro.session.mgt.AbstractValidatingSessionManager [AbstractValidatingSessionManager.java : 308] Finished session validation.  No sessions were stopped.
2018-07-24 01:30:00,047 [INFO] [RenrenScheduler_Worker-17] io.renren.modules.job.utils.ScheduleJob [ScheduleJob.java : 67] 任务准备执行，任务ID：1
2018-07-24 01:30:00,048 [INFO] [pool-18-thread-1] io.renren.modules.job.task.TestTask [TestTask.java : 43] 我是带参数的test方法，正在被执行，参数为：renren
2018-07-24 01:30:01,048 [DEBUG] [pool-18-thread-1] io.renren.modules.sys.dao.SysUserDao.selectById [BaseJdbcLogger.java : 159] ==>  Preparing: SELECT user_id AS userId,username,`password`,salt,email,mobile,`status`,create_time AS createTime,dept_id AS deptId FROM sys_user WHERE user_id=? 
2018-07-24 01:30:01,049 [DEBUG] [pool-18-thread-1] io.renren.modules.sys.dao.SysUserDao.selectById [BaseJdbcLogger.java : 159] ==> Parameters: 1(Long)
2018-07-24 01:30:01,050 [DEBUG] [pool-18-thread-1] io.renren.modules.sys.dao.SysUserDao.selectById [BaseJdbcLogger.java : 159] <==      Total: 1
2018-07-24 01:30:01,050 [INFO] [RenrenScheduler_Worker-17] io.renren.modules.job.utils.ScheduleJob [ScheduleJob.java : 80] 任务执行完毕，任务ID：1  总共耗时：1003毫秒
2018-07-24 01:30:01,051 [DEBUG] [RenrenScheduler_Worker-17] io.renren.modules.job.dao.ScheduleJobLogDao.insert [BaseJdbcLogger.java : 159] ==>  Preparing: INSERT INTO schedule_job_log ( job_id, bean_name, method_name, params, `status`, times, create_time ) VALUES ( ?, ?, ?, ?, ?, ?, ? ) 
2018-07-24 01:30:01,052 [DEBUG] [RenrenScheduler_Worker-17] io.renren.modules.job.dao.ScheduleJobLogDao.insert [BaseJdbcLogger.java : 159] ==> Parameters: 1(Long), testTask(String), test(String), renren(String), 0(Integer), 1003(Integer), 2018-07-24 01:30:00.047(Timestamp)
2018-07-24 01:30:01,052 [DEBUG] [RenrenScheduler_Worker-17] io.renren.modules.job.dao.ScheduleJobLogDao.insert [BaseJdbcLogger.java : 159] <==    Updates: 1
2018-07-24 02:00:01,160 [ERROR] [RenrenScheduler_QuartzSchedulerThread] com.alibaba.druid.filter.stat.StatFilter [StatFilter.java : 478] slow sql 1156 millis. UPDATE QRTZ_TRIGGERS SET JOB_NAME = ?, JOB_GROUP = ?, DESCRIPTION = ?, NEXT_FIRE_TIME = ?, PREV_FIRE_TIME = ?, TRIGGER_STATE = ?, TRIGGER_TYPE = ?, START_TIME = ?, END_TIME = ?, CALENDAR_NAME = ?, MISFIRE_INSTR = ?, PRIORITY = ? WHERE SCHED_NAME = 'RenrenScheduler' AND TRIGGER_NAME = ? AND TRIGGER_GROUP = ?["TASK_1","DEFAULT",null,1532370600000,1532368800000,"WAITING","CRON",1531705243000,0,null,2,5,"TASK_1","DEFAULT"]
2018-07-24 02:00:01,189 [INFO] [RenrenScheduler_Worker-18] io.renren.modules.job.utils.ScheduleJob [ScheduleJob.java : 67] 任务准备执行，任务ID：1
2018-07-24 02:00:01,190 [INFO] [pool-19-thread-1] io.renren.modules.job.task.TestTask [TestTask.java : 43] 我是带参数的test方法，正在被执行，参数为：renren
2018-07-24 02:00:02,190 [DEBUG] [pool-19-thread-1] io.renren.modules.sys.dao.SysUserDao.selectById [BaseJdbcLogger.java : 159] ==>  Preparing: SELECT user_id AS userId,username,`password`,salt,email,mobile,`status`,create_time AS createTime,dept_id AS deptId FROM sys_user WHERE user_id=? 
2018-07-24 02:00:02,191 [DEBUG] [pool-19-thread-1] io.renren.modules.sys.dao.SysUserDao.selectById [BaseJdbcLogger.java : 159] ==> Parameters: 1(Long)
2018-07-24 02:00:02,192 [DEBUG] [pool-19-thread-1] io.renren.modules.sys.dao.SysUserDao.selectById [BaseJdbcLogger.java : 159] <==      Total: 1
2018-07-24 02:00:02,192 [INFO] [RenrenScheduler_Worker-18] io.renren.modules.job.utils.ScheduleJob [ScheduleJob.java : 80] 任务执行完毕，任务ID：1  总共耗时：1003毫秒
2018-07-24 02:00:02,194 [DEBUG] [RenrenScheduler_Worker-18] io.renren.modules.job.dao.ScheduleJobLogDao.insert [BaseJdbcLogger.java : 159] ==>  Preparing: INSERT INTO schedule_job_log ( job_id, bean_name, method_name, params, `status`, times, create_time ) VALUES ( ?, ?, ?, ?, ?, ?, ? ) 
2018-07-24 02:00:02,194 [DEBUG] [RenrenScheduler_Worker-18] io.renren.modules.job.dao.ScheduleJobLogDao.insert [BaseJdbcLogger.java : 159] ==> Parameters: 1(Long), testTask(String), test(String), renren(String), 0(Integer), 1003(Integer), 2018-07-24 02:00:01.189(Timestamp)
2018-07-24 02:00:02,195 [DEBUG] [RenrenScheduler_Worker-18] io.renren.modules.job.dao.ScheduleJobLogDao.insert [BaseJdbcLogger.java : 159] <==    Updates: 1
2018-07-24 02:20:32,045 [INFO] [SessionValidationThread-1] o.apache.shiro.session.mgt.AbstractValidatingSessionManager [AbstractValidatingSessionManager.java : 275] Validating all active sessions...
2018-07-24 02:20:32,045 [INFO] [SessionValidationThread-1] o.apache.shiro.session.mgt.AbstractValidatingSessionManager [AbstractValidatingSessionManager.java : 308] Finished session validation.  No sessions were stopped.
2018-07-24 02:30:00,160 [INFO] [RenrenScheduler_Worker-19] io.renren.modules.job.utils.ScheduleJob [ScheduleJob.java : 67] 任务准备执行，任务ID：1
2018-07-24 02:30:00,160 [INFO] [pool-20-thread-1] io.renren.modules.job.task.TestTask [TestTask.java : 43] 我是带参数的test方法，正在被执行，参数为：renren
2018-07-24 02:30:01,161 [DEBUG] [pool-20-thread-1] io.renren.modules.sys.dao.SysUserDao.selectById [BaseJdbcLogger.java : 159] ==>  Preparing: SELECT user_id AS userId,username,`password`,salt,email,mobile,`status`,create_time AS createTime,dept_id AS deptId FROM sys_user WHERE user_id=? 
2018-07-24 02:30:01,162 [DEBUG] [pool-20-thread-1] io.renren.modules.sys.dao.SysUserDao.selectById [BaseJdbcLogger.java : 159] ==> Parameters: 1(Long)
2018-07-24 02:30:01,163 [DEBUG] [pool-20-thread-1] io.renren.modules.sys.dao.SysUserDao.selectById [BaseJdbcLogger.java : 159] <==      Total: 1
2018-07-24 02:30:01,164 [INFO] [RenrenScheduler_Worker-19] io.renren.modules.job.utils.ScheduleJob [ScheduleJob.java : 80] 任务执行完毕，任务ID：1  总共耗时：1004毫秒
2018-07-24 02:30:01,165 [DEBUG] [RenrenScheduler_Worker-19] io.renren.modules.job.dao.ScheduleJobLogDao.insert [BaseJdbcLogger.java : 159] ==>  Preparing: INSERT INTO schedule_job_log ( job_id, bean_name, method_name, params, `status`, times, create_time ) VALUES ( ?, ?, ?, ?, ?, ?, ? ) 
2018-07-24 02:30:01,165 [DEBUG] [RenrenScheduler_Worker-19] io.renren.modules.job.dao.ScheduleJobLogDao.insert [BaseJdbcLogger.java : 159] ==> Parameters: 1(Long), testTask(String), test(String), renren(String), 0(Integer), 1004(Integer), 2018-07-24 02:30:00.16(Timestamp)
2018-07-24 02:30:01,166 [DEBUG] [RenrenScheduler_Worker-19] io.renren.modules.job.dao.ScheduleJobLogDao.insert [BaseJdbcLogger.java : 159] <==    Updates: 1
2018-07-24 03:00:01,008 [ERROR] [RenrenScheduler_QuartzSchedulerThread] com.alibaba.druid.filter.stat.StatFilter [StatFilter.java : 478] slow sql 1005 millis. UPDATE QRTZ_TRIGGERS SET JOB_NAME = ?, JOB_GROUP = ?, DESCRIPTION = ?, NEXT_FIRE_TIME = ?, PREV_FIRE_TIME = ?, TRIGGER_STATE = ?, TRIGGER_TYPE = ?, START_TIME = ?, END_TIME = ?, CALENDAR_NAME = ?, MISFIRE_INSTR = ?, PRIORITY = ? WHERE SCHED_NAME = 'RenrenScheduler' AND TRIGGER_NAME = ? AND TRIGGER_GROUP = ?["TASK_1","DEFAULT",null,1532374200000,1532372400000,"WAITING","CRON",1531705243000,0,null,2,5,"TASK_1","DEFAULT"]
2018-07-24 03:00:01,030 [INFO] [RenrenScheduler_Worker-20] io.renren.modules.job.utils.ScheduleJob [ScheduleJob.java : 67] 任务准备执行，任务ID：1
2018-07-24 03:00:01,031 [INFO] [pool-21-thread-1] io.renren.modules.job.task.TestTask [TestTask.java : 43] 我是带参数的test方法，正在被执行，参数为：renren
2018-07-24 03:00:02,031 [DEBUG] [pool-21-thread-1] io.renren.modules.sys.dao.SysUserDao.selectById [BaseJdbcLogger.java : 159] ==>  Preparing: SELECT user_id AS userId,username,`password`,salt,email,mobile,`status`,create_time AS createTime,dept_id AS deptId FROM sys_user WHERE user_id=? 
2018-07-24 03:00:02,032 [DEBUG] [pool-21-thread-1] io.renren.modules.sys.dao.SysUserDao.selectById [BaseJdbcLogger.java : 159] ==> Parameters: 1(Long)
2018-07-24 03:00:02,033 [DEBUG] [pool-21-thread-1] io.renren.modules.sys.dao.SysUserDao.selectById [BaseJdbcLogger.java : 159] <==      Total: 1
2018-07-24 03:00:02,033 [INFO] [RenrenScheduler_Worker-20] io.renren.modules.job.utils.ScheduleJob [ScheduleJob.java : 80] 任务执行完毕，任务ID：1  总共耗时：1003毫秒
2018-07-24 03:00:02,034 [DEBUG] [RenrenScheduler_Worker-20] io.renren.modules.job.dao.ScheduleJobLogDao.insert [BaseJdbcLogger.java : 159] ==>  Preparing: INSERT INTO schedule_job_log ( job_id, bean_name, method_name, params, `status`, times, create_time ) VALUES ( ?, ?, ?, ?, ?, ?, ? ) 
2018-07-24 03:00:02,035 [DEBUG] [RenrenScheduler_Worker-20] io.renren.modules.job.dao.ScheduleJobLogDao.insert [BaseJdbcLogger.java : 159] ==> Parameters: 1(Long), testTask(String), test(String), renren(String), 0(Integer), 1003(Integer), 2018-07-24 03:00:01.03(Timestamp)
2018-07-24 03:00:02,036 [DEBUG] [RenrenScheduler_Worker-20] io.renren.modules.job.dao.ScheduleJobLogDao.insert [BaseJdbcLogger.java : 159] <==    Updates: 1
2018-07-24 03:20:32,154 [INFO] [SessionValidationThread-1] o.apache.shiro.session.mgt.AbstractValidatingSessionManager [AbstractValidatingSessionManager.java : 275] Validating all active sessions...
2018-07-24 03:20:32,154 [INFO] [SessionValidationThread-1] o.apache.shiro.session.mgt.AbstractValidatingSessionManager [AbstractValidatingSessionManager.java : 308] Finished session validation.  No sessions were stopped.
2018-07-24 03:30:00,035 [INFO] [RenrenScheduler_Worker-1] io.renren.modules.job.utils.ScheduleJob [ScheduleJob.java : 67] 任务准备执行，任务ID：1
2018-07-24 03:30:00,036 [INFO] [pool-22-thread-1] io.renren.modules.job.task.TestTask [TestTask.java : 43] 我是带参数的test方法，正在被执行，参数为：renren
2018-07-24 03:30:01,036 [DEBUG] [pool-22-thread-1] io.renren.modules.sys.dao.SysUserDao.selectById [BaseJdbcLogger.java : 159] ==>  Preparing: SELECT user_id AS userId,username,`password`,salt,email,mobile,`status`,create_time AS createTime,dept_id AS deptId FROM sys_user WHERE user_id=? 
2018-07-24 03:30:01,036 [DEBUG] [pool-22-thread-1] io.renren.modules.sys.dao.SysUserDao.selectById [BaseJdbcLogger.java : 159] ==> Parameters: 1(Long)
2018-07-24 03:30:01,037 [DEBUG] [pool-22-thread-1] io.renren.modules.sys.dao.SysUserDao.selectById [BaseJdbcLogger.java : 159] <==      Total: 1
2018-07-24 03:30:01,038 [INFO] [RenrenScheduler_Worker-1] io.renren.modules.job.utils.ScheduleJob [ScheduleJob.java : 80] 任务执行完毕，任务ID：1  总共耗时：1003毫秒
2018-07-24 03:30:01,039 [DEBUG] [RenrenScheduler_Worker-1] io.renren.modules.job.dao.ScheduleJobLogDao.insert [BaseJdbcLogger.java : 159] ==>  Preparing: INSERT INTO schedule_job_log ( job_id, bean_name, method_name, params, `status`, times, create_time ) VALUES ( ?, ?, ?, ?, ?, ?, ? ) 
2018-07-24 03:30:01,040 [DEBUG] [RenrenScheduler_Worker-1] io.renren.modules.job.dao.ScheduleJobLogDao.insert [BaseJdbcLogger.java : 159] ==> Parameters: 1(Long), testTask(String), test(String), renren(String), 0(Integer), 1003(Integer), 2018-07-24 03:30:00.035(Timestamp)
2018-07-24 03:30:01,040 [DEBUG] [RenrenScheduler_Worker-1] io.renren.modules.job.dao.ScheduleJobLogDao.insert [BaseJdbcLogger.java : 159] <==    Updates: 1
2018-07-24 04:00:01,024 [INFO] [RenrenScheduler_Worker-2] io.renren.modules.job.utils.ScheduleJob [ScheduleJob.java : 67] 任务准备执行，任务ID：1
2018-07-24 04:00:01,025 [INFO] [pool-23-thread-1] io.renren.modules.job.task.TestTask [TestTask.java : 43] 我是带参数的test方法，正在被执行，参数为：renren
2018-07-24 04:00:02,025 [DEBUG] [pool-23-thread-1] io.renren.modules.sys.dao.SysUserDao.selectById [BaseJdbcLogger.java : 159] ==>  Preparing: SELECT user_id AS userId,username,`password`,salt,email,mobile,`status`,create_time AS createTime,dept_id AS deptId FROM sys_user WHERE user_id=? 
2018-07-24 04:00:02,026 [DEBUG] [pool-23-thread-1] io.renren.modules.sys.dao.SysUserDao.selectById [BaseJdbcLogger.java : 159] ==> Parameters: 1(Long)
2018-07-24 04:00:02,027 [DEBUG] [pool-23-thread-1] io.renren.modules.sys.dao.SysUserDao.selectById [BaseJdbcLogger.java : 159] <==      Total: 1
2018-07-24 04:00:02,027 [INFO] [RenrenScheduler_Worker-2] io.renren.modules.job.utils.ScheduleJob [ScheduleJob.java : 80] 任务执行完毕，任务ID：1  总共耗时：1003毫秒
2018-07-24 04:00:02,029 [DEBUG] [RenrenScheduler_Worker-2] io.renren.modules.job.dao.ScheduleJobLogDao.insert [BaseJdbcLogger.java : 159] ==>  Preparing: INSERT INTO schedule_job_log ( job_id, bean_name, method_name, params, `status`, times, create_time ) VALUES ( ?, ?, ?, ?, ?, ?, ? ) 
2018-07-24 04:00:02,029 [DEBUG] [RenrenScheduler_Worker-2] io.renren.modules.job.dao.ScheduleJobLogDao.insert [BaseJdbcLogger.java : 159] ==> Parameters: 1(Long), testTask(String), test(String), renren(String), 0(Integer), 1003(Integer), 2018-07-24 04:00:01.024(Timestamp)
2018-07-24 04:00:02,030 [DEBUG] [RenrenScheduler_Worker-2] io.renren.modules.job.dao.ScheduleJobLogDao.insert [BaseJdbcLogger.java : 159] <==    Updates: 1
2018-07-24 04:20:32,264 [INFO] [SessionValidationThread-1] o.apache.shiro.session.mgt.AbstractValidatingSessionManager [AbstractValidatingSessionManager.java : 275] Validating all active sessions...
2018-07-24 04:20:32,264 [INFO] [SessionValidationThread-1] o.apache.shiro.session.mgt.AbstractValidatingSessionManager [AbstractValidatingSessionManager.java : 308] Finished session validation.  No sessions were stopped.
2018-07-24 04:30:00,046 [INFO] [RenrenScheduler_Worker-3] io.renren.modules.job.utils.ScheduleJob [ScheduleJob.java : 67] 任务准备执行，任务ID：1
2018-07-24 04:30:00,047 [INFO] [pool-24-thread-1] io.renren.modules.job.task.TestTask [TestTask.java : 43] 我是带参数的test方法，正在被执行，参数为：renren
2018-07-24 04:30:01,047 [DEBUG] [pool-24-thread-1] io.renren.modules.sys.dao.SysUserDao.selectById [BaseJdbcLogger.java : 159] ==>  Preparing: SELECT user_id AS userId,username,`password`,salt,email,mobile,`status`,create_time AS createTime,dept_id AS deptId FROM sys_user WHERE user_id=? 
2018-07-24 04:30:01,048 [DEBUG] [pool-24-thread-1] io.renren.modules.sys.dao.SysUserDao.selectById [BaseJdbcLogger.java : 159] ==> Parameters: 1(Long)
2018-07-24 04:30:01,049 [DEBUG] [pool-24-thread-1] io.renren.modules.sys.dao.SysUserDao.selectById [BaseJdbcLogger.java : 159] <==      Total: 1
2018-07-24 04:30:01,049 [INFO] [RenrenScheduler_Worker-3] io.renren.modules.job.utils.ScheduleJob [ScheduleJob.java : 80] 任务执行完毕，任务ID：1  总共耗时：1003毫秒
2018-07-24 04:30:01,050 [DEBUG] [RenrenScheduler_Worker-3] io.renren.modules.job.dao.ScheduleJobLogDao.insert [BaseJdbcLogger.java : 159] ==>  Preparing: INSERT INTO schedule_job_log ( job_id, bean_name, method_name, params, `status`, times, create_time ) VALUES ( ?, ?, ?, ?, ?, ?, ? ) 
2018-07-24 04:30:01,051 [DEBUG] [RenrenScheduler_Worker-3] io.renren.modules.job.dao.ScheduleJobLogDao.insert [BaseJdbcLogger.java : 159] ==> Parameters: 1(Long), testTask(String), test(String), renren(String), 0(Integer), 1003(Integer), 2018-07-24 04:30:00.046(Timestamp)
2018-07-24 04:30:01,052 [DEBUG] [RenrenScheduler_Worker-3] io.renren.modules.job.dao.ScheduleJobLogDao.insert [BaseJdbcLogger.java : 159] <==    Updates: 1
2018-07-24 05:00:01,022 [INFO] [RenrenScheduler_Worker-4] io.renren.modules.job.utils.ScheduleJob [ScheduleJob.java : 67] 任务准备执行，任务ID：1
2018-07-24 05:00:01,023 [INFO] [pool-25-thread-1] io.renren.modules.job.task.TestTask [TestTask.java : 43] 我是带参数的test方法，正在被执行，参数为：renren
2018-07-24 05:00:02,023 [DEBUG] [pool-25-thread-1] io.renren.modules.sys.dao.SysUserDao.selectById [BaseJdbcLogger.java : 159] ==>  Preparing: SELECT user_id AS userId,username,`password`,salt,email,mobile,`status`,create_time AS createTime,dept_id AS deptId FROM sys_user WHERE user_id=? 
2018-07-24 05:00:02,023 [DEBUG] [pool-25-thread-1] io.renren.modules.sys.dao.SysUserDao.selectById [BaseJdbcLogger.java : 159] ==> Parameters: 1(Long)
2018-07-24 05:00:02,025 [DEBUG] [pool-25-thread-1] io.renren.modules.sys.dao.SysUserDao.selectById [BaseJdbcLogger.java : 159] <==      Total: 1
2018-07-24 05:00:02,025 [INFO] [RenrenScheduler_Worker-4] io.renren.modules.job.utils.ScheduleJob [ScheduleJob.java : 80] 任务执行完毕，任务ID：1  总共耗时：1003毫秒
2018-07-24 05:00:02,026 [DEBUG] [RenrenScheduler_Worker-4] io.renren.modules.job.dao.ScheduleJobLogDao.insert [BaseJdbcLogger.java : 159] ==>  Preparing: INSERT INTO schedule_job_log ( job_id, bean_name, method_name, params, `status`, times, create_time ) VALUES ( ?, ?, ?, ?, ?, ?, ? ) 
2018-07-24 05:00:02,027 [DEBUG] [RenrenScheduler_Worker-4] io.renren.modules.job.dao.ScheduleJobLogDao.insert [BaseJdbcLogger.java : 159] ==> Parameters: 1(Long), testTask(String), test(String), renren(String), 0(Integer), 1003(Integer), 2018-07-24 05:00:01.022(Timestamp)
2018-07-24 05:00:02,027 [DEBUG] [RenrenScheduler_Worker-4] io.renren.modules.job.dao.ScheduleJobLogDao.insert [BaseJdbcLogger.java : 159] <==    Updates: 1
2018-07-24 05:20:32,373 [INFO] [SessionValidationThread-1] o.apache.shiro.session.mgt.AbstractValidatingSessionManager [AbstractValidatingSessionManager.java : 275] Validating all active sessions...
2018-07-24 05:20:32,373 [INFO] [SessionValidationThread-1] o.apache.shiro.session.mgt.AbstractValidatingSessionManager [AbstractValidatingSessionManager.java : 308] Finished session validation.  No sessions were stopped.
2018-07-24 05:30:00,048 [INFO] [RenrenScheduler_Worker-5] io.renren.modules.job.utils.ScheduleJob [ScheduleJob.java : 67] 任务准备执行，任务ID：1
2018-07-24 05:30:00,050 [INFO] [pool-26-thread-1] io.renren.modules.job.task.TestTask [TestTask.java : 43] 我是带参数的test方法，正在被执行，参数为：renren
2018-07-24 05:30:01,050 [DEBUG] [pool-26-thread-1] io.renren.modules.sys.dao.SysUserDao.selectById [BaseJdbcLogger.java : 159] ==>  Preparing: SELECT user_id AS userId,username,`password`,salt,email,mobile,`status`,create_time AS createTime,dept_id AS deptId FROM sys_user WHERE user_id=? 
2018-07-24 05:30:01,051 [DEBUG] [pool-26-thread-1] io.renren.modules.sys.dao.SysUserDao.selectById [BaseJdbcLogger.java : 159] ==> Parameters: 1(Long)
2018-07-24 05:30:01,052 [DEBUG] [pool-26-thread-1] io.renren.modules.sys.dao.SysUserDao.selectById [BaseJdbcLogger.java : 159] <==      Total: 1
2018-07-24 05:30:01,052 [INFO] [RenrenScheduler_Worker-5] io.renren.modules.job.utils.ScheduleJob [ScheduleJob.java : 80] 任务执行完毕，任务ID：1  总共耗时：1004毫秒
2018-07-24 05:30:01,053 [DEBUG] [RenrenScheduler_Worker-5] io.renren.modules.job.dao.ScheduleJobLogDao.insert [BaseJdbcLogger.java : 159] ==>  Preparing: INSERT INTO schedule_job_log ( job_id, bean_name, method_name, params, `status`, times, create_time ) VALUES ( ?, ?, ?, ?, ?, ?, ? ) 
2018-07-24 05:30:01,054 [DEBUG] [RenrenScheduler_Worker-5] io.renren.modules.job.dao.ScheduleJobLogDao.insert [BaseJdbcLogger.java : 159] ==> Parameters: 1(Long), testTask(String), test(String), renren(String), 0(Integer), 1004(Integer), 2018-07-24 05:30:00.048(Timestamp)
2018-07-24 05:30:01,054 [DEBUG] [RenrenScheduler_Worker-5] io.renren.modules.job.dao.ScheduleJobLogDao.insert [BaseJdbcLogger.java : 159] <==    Updates: 1
2018-07-24 06:00:01,012 [INFO] [RenrenScheduler_Worker-6] io.renren.modules.job.utils.ScheduleJob [ScheduleJob.java : 67] 任务准备执行，任务ID：1
2018-07-24 06:00:01,013 [INFO] [pool-27-thread-1] io.renren.modules.job.task.TestTask [TestTask.java : 43] 我是带参数的test方法，正在被执行，参数为：renren
2018-07-24 06:00:02,013 [DEBUG] [pool-27-thread-1] io.renren.modules.sys.dao.SysUserDao.selectById [BaseJdbcLogger.java : 159] ==>  Preparing: SELECT user_id AS userId,username,`password`,salt,email,mobile,`status`,create_time AS createTime,dept_id AS deptId FROM sys_user WHERE user_id=? 
2018-07-24 06:00:02,014 [DEBUG] [pool-27-thread-1] io.renren.modules.sys.dao.SysUserDao.selectById [BaseJdbcLogger.java : 159] ==> Parameters: 1(Long)
2018-07-24 06:00:02,015 [DEBUG] [pool-27-thread-1] io.renren.modules.sys.dao.SysUserDao.selectById [BaseJdbcLogger.java : 159] <==      Total: 1
2018-07-24 06:00:02,015 [INFO] [RenrenScheduler_Worker-6] io.renren.modules.job.utils.ScheduleJob [ScheduleJob.java : 80] 任务执行完毕，任务ID：1  总共耗时：1003毫秒
2018-07-24 06:00:02,016 [DEBUG] [RenrenScheduler_Worker-6] io.renren.modules.job.dao.ScheduleJobLogDao.insert [BaseJdbcLogger.java : 159] ==>  Preparing: INSERT INTO schedule_job_log ( job_id, bean_name, method_name, params, `status`, times, create_time ) VALUES ( ?, ?, ?, ?, ?, ?, ? ) 
2018-07-24 06:00:02,017 [DEBUG] [RenrenScheduler_Worker-6] io.renren.modules.job.dao.ScheduleJobLogDao.insert [BaseJdbcLogger.java : 159] ==> Parameters: 1(Long), testTask(String), test(String), renren(String), 0(Integer), 1003(Integer), 2018-07-24 06:00:01.012(Timestamp)
2018-07-24 06:00:02,018 [DEBUG] [RenrenScheduler_Worker-6] io.renren.modules.job.dao.ScheduleJobLogDao.insert [BaseJdbcLogger.java : 159] <==    Updates: 1
2018-07-24 06:20:32,483 [INFO] [SessionValidationThread-1] o.apache.shiro.session.mgt.AbstractValidatingSessionManager [AbstractValidatingSessionManager.java : 275] Validating all active sessions...
2018-07-24 06:20:32,483 [INFO] [SessionValidationThread-1] o.apache.shiro.session.mgt.AbstractValidatingSessionManager [AbstractValidatingSessionManager.java : 308] Finished session validation.  No sessions were stopped.
2018-07-24 06:30:00,028 [INFO] [RenrenScheduler_Worker-7] io.renren.modules.job.utils.ScheduleJob [ScheduleJob.java : 67] 任务准备执行，任务ID：1
2018-07-24 06:30:00,029 [INFO] [pool-28-thread-1] io.renren.modules.job.task.TestTask [TestTask.java : 43] 我是带参数的test方法，正在被执行，参数为：renren
2018-07-24 06:30:01,029 [DEBUG] [pool-28-thread-1] io.renren.modules.sys.dao.SysUserDao.selectById [BaseJdbcLogger.java : 159] ==>  Preparing: SELECT user_id AS userId,username,`password`,salt,email,mobile,`status`,create_time AS createTime,dept_id AS deptId FROM sys_user WHERE user_id=? 
2018-07-24 06:30:01,030 [DEBUG] [pool-28-thread-1] io.renren.modules.sys.dao.SysUserDao.selectById [BaseJdbcLogger.java : 159] ==> Parameters: 1(Long)
2018-07-24 06:30:01,031 [DEBUG] [pool-28-thread-1] io.renren.modules.sys.dao.SysUserDao.selectById [BaseJdbcLogger.java : 159] <==      Total: 1
2018-07-24 06:30:01,031 [INFO] [RenrenScheduler_Worker-7] io.renren.modules.job.utils.ScheduleJob [ScheduleJob.java : 80] 任务执行完毕，任务ID：1  总共耗时：1003毫秒
2018-07-24 06:30:01,032 [DEBUG] [RenrenScheduler_Worker-7] io.renren.modules.job.dao.ScheduleJobLogDao.insert [BaseJdbcLogger.java : 159] ==>  Preparing: INSERT INTO schedule_job_log ( job_id, bean_name, method_name, params, `status`, times, create_time ) VALUES ( ?, ?, ?, ?, ?, ?, ? ) 
2018-07-24 06:30:01,033 [DEBUG] [RenrenScheduler_Worker-7] io.renren.modules.job.dao.ScheduleJobLogDao.insert [BaseJdbcLogger.java : 159] ==> Parameters: 1(Long), testTask(String), test(String), renren(String), 0(Integer), 1003(Integer), 2018-07-24 06:30:00.028(Timestamp)
2018-07-24 06:30:01,034 [DEBUG] [RenrenScheduler_Worker-7] io.renren.modules.job.dao.ScheduleJobLogDao.insert [BaseJdbcLogger.java : 159] <==    Updates: 1
2018-07-24 07:00:01,053 [ERROR] [RenrenScheduler_QuartzSchedulerThread] com.alibaba.druid.filter.stat.StatFilter [StatFilter.java : 478] slow sql 1050 millis. UPDATE QRTZ_TRIGGERS SET JOB_NAME = ?, JOB_GROUP = ?, DESCRIPTION = ?, NEXT_FIRE_TIME = ?, PREV_FIRE_TIME = ?, TRIGGER_STATE = ?, TRIGGER_TYPE = ?, START_TIME = ?, END_TIME = ?, CALENDAR_NAME = ?, MISFIRE_INSTR = ?, PRIORITY = ? WHERE SCHED_NAME = 'RenrenScheduler' AND TRIGGER_NAME = ? AND TRIGGER_GROUP = ?["TASK_1","DEFAULT",null,1532388600000,1532386800000,"WAITING","CRON",1531705243000,0,null,2,5,"TASK_1","DEFAULT"]
2018-07-24 07:00:01,077 [INFO] [RenrenScheduler_Worker-8] io.renren.modules.job.utils.ScheduleJob [ScheduleJob.java : 67] 任务准备执行，任务ID：1
2018-07-24 07:00:01,078 [INFO] [pool-29-thread-1] io.renren.modules.job.task.TestTask [TestTask.java : 43] 我是带参数的test方法，正在被执行，参数为：renren
2018-07-24 07:00:02,078 [DEBUG] [pool-29-thread-1] io.renren.modules.sys.dao.SysUserDao.selectById [BaseJdbcLogger.java : 159] ==>  Preparing: SELECT user_id AS userId,username,`password`,salt,email,mobile,`status`,create_time AS createTime,dept_id AS deptId FROM sys_user WHERE user_id=? 
2018-07-24 07:00:02,078 [DEBUG] [pool-29-thread-1] io.renren.modules.sys.dao.SysUserDao.selectById [BaseJdbcLogger.java : 159] ==> Parameters: 1(Long)
2018-07-24 07:00:02,080 [DEBUG] [pool-29-thread-1] io.renren.modules.sys.dao.SysUserDao.selectById [BaseJdbcLogger.java : 159] <==      Total: 1
2018-07-24 07:00:02,080 [INFO] [RenrenScheduler_Worker-8] io.renren.modules.job.utils.ScheduleJob [ScheduleJob.java : 80] 任务执行完毕，任务ID：1  总共耗时：1003毫秒
2018-07-24 07:00:02,081 [DEBUG] [RenrenScheduler_Worker-8] io.renren.modules.job.dao.ScheduleJobLogDao.insert [BaseJdbcLogger.java : 159] ==>  Preparing: INSERT INTO schedule_job_log ( job_id, bean_name, method_name, params, `status`, times, create_time ) VALUES ( ?, ?, ?, ?, ?, ?, ? ) 
2018-07-24 07:00:02,082 [DEBUG] [RenrenScheduler_Worker-8] io.renren.modules.job.dao.ScheduleJobLogDao.insert [BaseJdbcLogger.java : 159] ==> Parameters: 1(Long), testTask(String), test(String), renren(String), 0(Integer), 1003(Integer), 2018-07-24 07:00:01.077(Timestamp)
2018-07-24 07:00:02,083 [DEBUG] [RenrenScheduler_Worker-8] io.renren.modules.job.dao.ScheduleJobLogDao.insert [BaseJdbcLogger.java : 159] <==    Updates: 1
2018-07-24 07:20:32,592 [INFO] [SessionValidationThread-1] o.apache.shiro.session.mgt.AbstractValidatingSessionManager [AbstractValidatingSessionManager.java : 275] Validating all active sessions...
2018-07-24 07:20:32,592 [INFO] [SessionValidationThread-1] o.apache.shiro.session.mgt.AbstractValidatingSessionManager [AbstractValidatingSessionManager.java : 308] Finished session validation.  No sessions were stopped.
2018-07-24 07:30:00,027 [INFO] [RenrenScheduler_Worker-9] io.renren.modules.job.utils.ScheduleJob [ScheduleJob.java : 67] 任务准备执行，任务ID：1
2018-07-24 07:30:00,028 [INFO] [pool-30-thread-1] io.renren.modules.job.task.TestTask [TestTask.java : 43] 我是带参数的test方法，正在被执行，参数为：renren
2018-07-24 07:30:01,029 [DEBUG] [pool-30-thread-1] io.renren.modules.sys.dao.SysUserDao.selectById [BaseJdbcLogger.java : 159] ==>  Preparing: SELECT user_id AS userId,username,`password`,salt,email,mobile,`status`,create_time AS createTime,dept_id AS deptId FROM sys_user WHERE user_id=? 
2018-07-24 07:30:01,030 [DEBUG] [pool-30-thread-1] io.renren.modules.sys.dao.SysUserDao.selectById [BaseJdbcLogger.java : 159] ==> Parameters: 1(Long)
2018-07-24 07:30:01,031 [DEBUG] [pool-30-thread-1] io.renren.modules.sys.dao.SysUserDao.selectById [BaseJdbcLogger.java : 159] <==      Total: 1
2018-07-24 07:30:01,031 [INFO] [RenrenScheduler_Worker-9] io.renren.modules.job.utils.ScheduleJob [ScheduleJob.java : 80] 任务执行完毕，任务ID：1  总共耗时：1004毫秒
2018-07-24 07:30:01,033 [DEBUG] [RenrenScheduler_Worker-9] io.renren.modules.job.dao.ScheduleJobLogDao.insert [BaseJdbcLogger.java : 159] ==>  Preparing: INSERT INTO schedule_job_log ( job_id, bean_name, method_name, params, `status`, times, create_time ) VALUES ( ?, ?, ?, ?, ?, ?, ? ) 
2018-07-24 07:30:01,033 [DEBUG] [RenrenScheduler_Worker-9] io.renren.modules.job.dao.ScheduleJobLogDao.insert [BaseJdbcLogger.java : 159] ==> Parameters: 1(Long), testTask(String), test(String), renren(String), 0(Integer), 1004(Integer), 2018-07-24 07:30:00.027(Timestamp)
2018-07-24 07:30:01,034 [DEBUG] [RenrenScheduler_Worker-9] io.renren.modules.job.dao.ScheduleJobLogDao.insert [BaseJdbcLogger.java : 159] <==    Updates: 1
2018-07-24 08:00:01,154 [ERROR] [RenrenScheduler_QuartzSchedulerThread] com.alibaba.druid.filter.stat.StatFilter [StatFilter.java : 478] slow sql 1152 millis. UPDATE QRTZ_TRIGGERS SET JOB_NAME = ?, JOB_GROUP = ?, DESCRIPTION = ?, NEXT_FIRE_TIME = ?, PREV_FIRE_TIME = ?, TRIGGER_STATE = ?, TRIGGER_TYPE = ?, START_TIME = ?, END_TIME = ?, CALENDAR_NAME = ?, MISFIRE_INSTR = ?, PRIORITY = ? WHERE SCHED_NAME = 'RenrenScheduler' AND TRIGGER_NAME = ? AND TRIGGER_GROUP = ?["TASK_1","DEFAULT",null,1532392200000,1532390400000,"WAITING","CRON",1531705243000,0,null,2,5,"TASK_1","DEFAULT"]
2018-07-24 08:00:01,184 [INFO] [RenrenScheduler_Worker-10] io.renren.modules.job.utils.ScheduleJob [ScheduleJob.java : 67] 任务准备执行，任务ID：1
2018-07-24 08:00:01,185 [INFO] [pool-31-thread-1] io.renren.modules.job.task.TestTask [TestTask.java : 43] 我是带参数的test方法，正在被执行，参数为：renren
2018-07-24 08:00:02,185 [DEBUG] [pool-31-thread-1] io.renren.modules.sys.dao.SysUserDao.selectById [BaseJdbcLogger.java : 159] ==>  Preparing: SELECT user_id AS userId,username,`password`,salt,email,mobile,`status`,create_time AS createTime,dept_id AS deptId FROM sys_user WHERE user_id=? 
2018-07-24 08:00:02,185 [DEBUG] [pool-31-thread-1] io.renren.modules.sys.dao.SysUserDao.selectById [BaseJdbcLogger.java : 159] ==> Parameters: 1(Long)
2018-07-24 08:00:02,186 [DEBUG] [pool-31-thread-1] io.renren.modules.sys.dao.SysUserDao.selectById [BaseJdbcLogger.java : 159] <==      Total: 1
2018-07-24 08:00:02,187 [INFO] [RenrenScheduler_Worker-10] io.renren.modules.job.utils.ScheduleJob [ScheduleJob.java : 80] 任务执行完毕，任务ID：1  总共耗时：1003毫秒
2018-07-24 08:00:02,188 [DEBUG] [RenrenScheduler_Worker-10] io.renren.modules.job.dao.ScheduleJobLogDao.insert [BaseJdbcLogger.java : 159] ==>  Preparing: INSERT INTO schedule_job_log ( job_id, bean_name, method_name, params, `status`, times, create_time ) VALUES ( ?, ?, ?, ?, ?, ?, ? ) 
2018-07-24 08:00:02,189 [DEBUG] [RenrenScheduler_Worker-10] io.renren.modules.job.dao.ScheduleJobLogDao.insert [BaseJdbcLogger.java : 159] ==> Parameters: 1(Long), testTask(String), test(String), renren(String), 0(Integer), 1003(Integer), 2018-07-24 08:00:01.184(Timestamp)
2018-07-24 08:00:02,189 [DEBUG] [RenrenScheduler_Worker-10] io.renren.modules.job.dao.ScheduleJobLogDao.insert [BaseJdbcLogger.java : 159] <==    Updates: 1
2018-07-24 08:20:32,702 [INFO] [SessionValidationThread-1] o.apache.shiro.session.mgt.AbstractValidatingSessionManager [AbstractValidatingSessionManager.java : 275] Validating all active sessions...
2018-07-24 08:20:32,702 [INFO] [SessionValidationThread-1] o.apache.shiro.session.mgt.AbstractValidatingSessionManager [AbstractValidatingSessionManager.java : 308] Finished session validation.  No sessions were stopped.
2018-07-24 08:30:00,034 [INFO] [RenrenScheduler_Worker-11] io.renren.modules.job.utils.ScheduleJob [ScheduleJob.java : 67] 任务准备执行，任务ID：1
2018-07-24 08:30:00,035 [INFO] [pool-32-thread-1] io.renren.modules.job.task.TestTask [TestTask.java : 43] 我是带参数的test方法，正在被执行，参数为：renren
2018-07-24 08:30:01,035 [DEBUG] [pool-32-thread-1] io.renren.modules.sys.dao.SysUserDao.selectById [BaseJdbcLogger.java : 159] ==>  Preparing: SELECT user_id AS userId,username,`password`,salt,email,mobile,`status`,create_time AS createTime,dept_id AS deptId FROM sys_user WHERE user_id=? 
2018-07-24 08:30:01,035 [DEBUG] [pool-32-thread-1] io.renren.modules.sys.dao.SysUserDao.selectById [BaseJdbcLogger.java : 159] ==> Parameters: 1(Long)
2018-07-24 08:30:01,036 [DEBUG] [pool-32-thread-1] io.renren.modules.sys.dao.SysUserDao.selectById [BaseJdbcLogger.java : 159] <==      Total: 1
2018-07-24 08:30:01,037 [INFO] [RenrenScheduler_Worker-11] io.renren.modules.job.utils.ScheduleJob [ScheduleJob.java : 80] 任务执行完毕，任务ID：1  总共耗时：1003毫秒
2018-07-24 08:30:01,038 [DEBUG] [RenrenScheduler_Worker-11] io.renren.modules.job.dao.ScheduleJobLogDao.insert [BaseJdbcLogger.java : 159] ==>  Preparing: INSERT INTO schedule_job_log ( job_id, bean_name, method_name, params, `status`, times, create_time ) VALUES ( ?, ?, ?, ?, ?, ?, ? ) 
2018-07-24 08:30:01,039 [DEBUG] [RenrenScheduler_Worker-11] io.renren.modules.job.dao.ScheduleJobLogDao.insert [BaseJdbcLogger.java : 159] ==> Parameters: 1(Long), testTask(String), test(String), renren(String), 0(Integer), 1003(Integer), 2018-07-24 08:30:00.034(Timestamp)
2018-07-24 08:30:01,039 [DEBUG] [RenrenScheduler_Worker-11] io.renren.modules.job.dao.ScheduleJobLogDao.insert [BaseJdbcLogger.java : 159] <==    Updates: 1
2018-07-24 09:00:01,145 [ERROR] [RenrenScheduler_QuartzSchedulerThread] com.alibaba.druid.filter.stat.StatFilter [StatFilter.java : 478] slow sql 1142 millis. UPDATE QRTZ_TRIGGERS SET JOB_NAME = ?, JOB_GROUP = ?, DESCRIPTION = ?, NEXT_FIRE_TIME = ?, PREV_FIRE_TIME = ?, TRIGGER_STATE = ?, TRIGGER_TYPE = ?, START_TIME = ?, END_TIME = ?, CALENDAR_NAME = ?, MISFIRE_INSTR = ?, PRIORITY = ? WHERE SCHED_NAME = 'RenrenScheduler' AND TRIGGER_NAME = ? AND TRIGGER_GROUP = ?["TASK_1","DEFAULT",null,1532395800000,1532394000000,"WAITING","CRON",1531705243000,0,null,2,5,"TASK_1","DEFAULT"]
2018-07-24 09:00:01,179 [INFO] [RenrenScheduler_Worker-12] io.renren.modules.job.utils.ScheduleJob [ScheduleJob.java : 67] 任务准备执行，任务ID：1
2018-07-24 09:00:01,180 [INFO] [pool-33-thread-1] io.renren.modules.job.task.TestTask [TestTask.java : 43] 我是带参数的test方法，正在被执行，参数为：renren
2018-07-24 09:00:02,180 [DEBUG] [pool-33-thread-1] io.renren.modules.sys.dao.SysUserDao.selectById [BaseJdbcLogger.java : 159] ==>  Preparing: SELECT user_id AS userId,username,`password`,salt,email,mobile,`status`,create_time AS createTime,dept_id AS deptId FROM sys_user WHERE user_id=? 
2018-07-24 09:00:02,181 [DEBUG] [pool-33-thread-1] io.renren.modules.sys.dao.SysUserDao.selectById [BaseJdbcLogger.java : 159] ==> Parameters: 1(Long)
2018-07-24 09:00:02,182 [DEBUG] [pool-33-thread-1] io.renren.modules.sys.dao.SysUserDao.selectById [BaseJdbcLogger.java : 159] <==      Total: 1
2018-07-24 09:00:02,182 [INFO] [RenrenScheduler_Worker-12] io.renren.modules.job.utils.ScheduleJob [ScheduleJob.java : 80] 任务执行完毕，任务ID：1  总共耗时：1003毫秒
2018-07-24 09:00:02,183 [DEBUG] [RenrenScheduler_Worker-12] io.renren.modules.job.dao.ScheduleJobLogDao.insert [BaseJdbcLogger.java : 159] ==>  Preparing: INSERT INTO schedule_job_log ( job_id, bean_name, method_name, params, `status`, times, create_time ) VALUES ( ?, ?, ?, ?, ?, ?, ? ) 
2018-07-24 09:00:02,184 [DEBUG] [RenrenScheduler_Worker-12] io.renren.modules.job.dao.ScheduleJobLogDao.insert [BaseJdbcLogger.java : 159] ==> Parameters: 1(Long), testTask(String), test(String), renren(String), 0(Integer), 1003(Integer), 2018-07-24 09:00:01.179(Timestamp)
2018-07-24 09:00:02,185 [DEBUG] [RenrenScheduler_Worker-12] io.renren.modules.job.dao.ScheduleJobLogDao.insert [BaseJdbcLogger.java : 159] <==    Updates: 1
2018-07-24 09:20:32,812 [INFO] [SessionValidationThread-1] o.apache.shiro.session.mgt.AbstractValidatingSessionManager [AbstractValidatingSessionManager.java : 275] Validating all active sessions...
2018-07-24 09:20:32,812 [INFO] [SessionValidationThread-1] o.apache.shiro.session.mgt.AbstractValidatingSessionManager [AbstractValidatingSessionManager.java : 308] Finished session validation.  No sessions were stopped.
2018-07-24 09:30:00,033 [INFO] [RenrenScheduler_Worker-13] io.renren.modules.job.utils.ScheduleJob [ScheduleJob.java : 67] 任务准备执行，任务ID：1
2018-07-24 09:30:00,034 [INFO] [pool-34-thread-1] io.renren.modules.job.task.TestTask [TestTask.java : 43] 我是带参数的test方法，正在被执行，参数为：renren
2018-07-24 09:30:01,034 [DEBUG] [pool-34-thread-1] io.renren.modules.sys.dao.SysUserDao.selectById [BaseJdbcLogger.java : 159] ==>  Preparing: SELECT user_id AS userId,username,`password`,salt,email,mobile,`status`,create_time AS createTime,dept_id AS deptId FROM sys_user WHERE user_id=? 
2018-07-24 09:30:01,034 [DEBUG] [pool-34-thread-1] io.renren.modules.sys.dao.SysUserDao.selectById [BaseJdbcLogger.java : 159] ==> Parameters: 1(Long)
2018-07-24 09:30:01,035 [DEBUG] [pool-34-thread-1] io.renren.modules.sys.dao.SysUserDao.selectById [BaseJdbcLogger.java : 159] <==      Total: 1
2018-07-24 09:30:01,036 [INFO] [RenrenScheduler_Worker-13] io.renren.modules.job.utils.ScheduleJob [ScheduleJob.java : 80] 任务执行完毕，任务ID：1  总共耗时：1003毫秒
2018-07-24 09:30:01,037 [DEBUG] [RenrenScheduler_Worker-13] io.renren.modules.job.dao.ScheduleJobLogDao.insert [BaseJdbcLogger.java : 159] ==>  Preparing: INSERT INTO schedule_job_log ( job_id, bean_name, method_name, params, `status`, times, create_time ) VALUES ( ?, ?, ?, ?, ?, ?, ? ) 
2018-07-24 09:30:01,037 [DEBUG] [RenrenScheduler_Worker-13] io.renren.modules.job.dao.ScheduleJobLogDao.insert [BaseJdbcLogger.java : 159] ==> Parameters: 1(Long), testTask(String), test(String), renren(String), 0(Integer), 1003(Integer), 2018-07-24 09:30:00.033(Timestamp)
2018-07-24 09:30:01,038 [DEBUG] [RenrenScheduler_Worker-13] io.renren.modules.job.dao.ScheduleJobLogDao.insert [BaseJdbcLogger.java : 159] <==    Updates: 1
